<?xml version="1.0" encoding="UTF-8"?>
<Site BuildName="Darwin-clang++"
	BuildStamp="20231103-1831-Experimental"
	Name="eduroam-169-233-140-36.ucsc.edu"
	Generator="ctest-3.27.7"
	CompilerName="/usr/bin/clang++"
	CompilerVersion="14.0.0.14000029"
	OSName="macOS"
	Hostname="eduroam-169-233-184-90.ucsc.edu"
	OSRelease="12.4"
	OSVersion="21F79"
	OSPlatform="arm64"
	Is64Bits="1"
	VendorString="IBM"
	VendorID="IBM"
	FamilyID="16777228"
	ModelID="2"
	ProcessorCacheSize="131072"
	NumberOfLogicalCPU="8"
	NumberOfPhysicalCPU="8"
	TotalVirtualMemory="4096"
	TotalPhysicalMemory="8192"
	LogicalProcessorsPerPhysical="8"
	ProcessorClockFrequency="0"
	>
	<Testing>
		<StartDateTime>Nov 03 15:36 PDT</StartDateTime>
		<StartTestTime>1699051007</StartTestTime>
		<TestList/>
		<EndDateTime>Nov 03 15:36 PDT</EndDateTime>
		<EndTestTime>1699051007</EndTestTime>
		<ElapsedMinutes>0</ElapsedMinutes>
	</Testing>
</Site>
